make[1]: Entering directory '/home/isucon/webapp'
sudo alp ltsv --file=/var/log/nginx/access.log --sort sum --reverse -o count,method,uri,min,max,sum,avg,p99,1xx,2xx,3xx,4xx,5xx -m "/api/condition/[0-9a-z-]+,/api/isu/[0-9a-z-]+/icon,/api/isu/[0-9a-z-],/isu/[0-9a-z-]+/condition,/isu/[0-9a-z-]+/graph,/isu/[0-9a-z-]+"
+-------+--------+------------------------------+-------+-------+----------+-------+-------+-----+-------+-----+------+-----+
| COUNT | METHOD |             URI              |  MIN  |  MAX  |   SUM    |  AVG  |  P99  | 1XX |  2XX  | 3XX | 4XX  | 5XX |
+-------+--------+------------------------------+-------+-------+----------+-------+-------+-----+-------+-----+------+-----+
| 64304 | POST   | /api/condition/[0-9a-z-]+    | 0.008 | 0.128 | 1724.484 | 0.027 | 0.104 |   0 | 57849 |   0 | 6455 |   0 |
|   271 | POST   | /api/isu                     | 0.004 | 1.016 |  230.368 | 0.850 | 1.009 |   0 |    45 |   0 |  226 |   0 |
|   181 | GET    | /api/isu                     | 0.020 | 1.016 |  166.427 | 0.919 | 1.008 |   0 |    13 |   0 |  168 |   0 |
|    68 | POST   | /api/auth                    | 0.004 | 1.016 |   36.696 | 0.540 | 1.016 |   0 |    16 |   0 |   52 |   0 |
|    84 | GET    | /api/isu/[0-9a-z-]+/icon     | 0.004 | 1.004 |   17.068 | 0.203 | 1.004 |   0 |    77 |   0 |    7 |   0 |
|    95 | GET    | /api/isu/[0-9a-z-]           | 0.004 | 1.004 |   11.408 | 0.120 | 1.004 |   0 |    78 |   0 |   17 |   0 |
|    42 | GET    | /api/condition/[0-9a-z-]+    | 0.720 | 1.000 |    3.452 | 0.082 | 1.000 |   0 |    33 |   0 |    9 |   0 |
|     9 | GET    | /api/trend                   | 0.032 | 0.252 |    1.772 | 0.197 | 0.252 |   0 |     9 |   0 |    0 |   0 |
|    68 | GET    | /assets/vendor.ee7444dd.js   | 0.016 | 0.076 |    0.708 | 0.010 | 0.076 |   0 |    12 |  56 |    0 |   0 |
|    68 | GET    | /assets/index.23dac98b.js    | 0.016 | 0.044 |    0.392 | 0.006 | 0.044 |   0 |    12 |  56 |    0 |   0 |
|    68 | GET    | /assets/favicon.d0f5f504.svg | 0.016 | 0.040 |    0.380 | 0.006 | 0.040 |   0 |    12 |  56 |    0 |   0 |
|    68 | GET    | /assets/index.144d8ca8.css   | 0.016 | 0.040 |    0.348 | 0.005 | 0.040 |   0 |    12 |  56 |    0 |   0 |
|    12 | GET    | /api/user/me                 | 0.004 | 0.048 |    0.304 | 0.025 | 0.048 |   0 |    10 |   0 |    2 |   0 |
|     1 | POST   | /initialize                  | 0.300 | 0.300 |    0.300 | 0.300 | 0.300 |   0 |     1 |   0 |    0 |   0 |
|    26 | GET    | /                            | 0.004 | 0.024 |    0.196 | 0.008 | 0.024 |   0 |    22 |   4 |    0 |   0 |
|    68 | GET    | /assets/logo_white.svg       | 0.004 | 0.028 |    0.164 | 0.002 | 0.028 |   0 |    12 |  56 |    0 |   0 |
|    11 | GET    | /assets/logo_orange.svg      | 0.008 | 0.012 |    0.088 | 0.008 | 0.012 |   0 |    11 |   0 |    0 |   0 |
|    30 | GET    | /isu/[0-9a-z-]+/condition    | 0.000 | 0.004 |    0.024 | 0.001 | 0.004 |   0 |    10 |  20 |    0 |   0 |
|     6 | POST   | /api/signout                 | 0.016 | 0.016 |    0.024 | 0.004 | 0.016 |   0 |     2 |   0 |    4 |   0 |
|    10 | GET    | /isu/[0-9a-z-]+/graph        | 0.004 | 0.004 |    0.020 | 0.002 | 0.004 |   0 |    10 |   0 |    0 |   0 |
|    10 | GET    | /isu/[0-9a-z-]+              | 0.000 | 0.004 |    0.012 | 0.001 | 0.004 |   0 |    10 |   0 |    0 |   0 |
|     3 | GET    | /register                    | 0.004 | 0.004 |    0.008 | 0.003 | 0.004 |   0 |     1 |   2 |    0 |   0 |
+-------+--------+------------------------------+-------+-------+----------+-------+-------+-----+-------+-----+------+-----+
make[1]: Leaving directory '/home/isucon/webapp'
