
# 3.5s user time, 20ms system time, 35.04M rss, 42.23M vsz
# Current date: Fri Jul 22 14:17:15 2022
# Hostname: ip-172-31-36-52
# Files: /var/log/mysql/mariadb-slow.log
# Overall: 38.48k total, 67 unique, 583.05 QPS, 0.48x concurrency ________
# Time range: 2022-07-22 14:15:55 to 14:17:01
# Attribute          total     min     max     avg     95%  stddev  median
# ============     ======= ======= ======= ======= ======= ======= =======
# Exec time            31s     1us    86ms   817us     5ms     2ms    76us
# Lock time             1s       0     8ms    31us    98us   114us       0
# Rows sent        521.97k       0   1.33k   13.89   19.46   95.25    0.99
# Rows examine     506.26k       0   1.33k   13.47   19.46   95.46       0
# Rows affecte      59.29k       0     618    1.58    9.83    4.75       0
# Bytes sent       353.05M       0 267.15k   9.39k  68.96k  31.55k   56.92
# Query size        17.18M       6 790.36k  468.08   1.86k   4.67k  118.34
# Boolean:
# QC hit        44% yes,  55% no

# Profile
# Rank Query ID                      Response time Calls R/Call V/M   Item
# ==== ============================= ============= ===== ====== ===== ====
#    1 0x7C189275CDC53839D3B7BB67... 25.1345 79.9%  5977 0.0042  0.00 INSERT isu_condition
#    2 0x5F580A12ADA1633C9634298B...  2.5984  8.3%   702 0.0037  0.00 SELECT isu_condition
#    3 0xAC9E2250E1642BFE9823A9B9...  1.2597  4.0%  6995 0.0002  0.00 SELECT isu_condition
#    4 0xC606EDCB84E3C87F27B1C52C...  0.6778  2.2%  2092 0.0003  0.00 SELECT isu_condition
#    5 0x8155B89FFD74A9D523D19AC4...  0.4205  1.3%  2247 0.0002  0.00 SELECT isu_condition
# MISC 0xMISC                         1.3735  4.4% 20468 0.0001   0.0 <62 ITEMS>

# Query 1: 101.31 QPS, 0.43x concurrency, ID 0x7C189275CDC53839D3B7BB6780387507 at byte 2810694
# Scores: V/M = 0.00
# Time range: 2022-07-22 14:16:01 to 14:17:00
# Attribute    pct   total     min     max     avg     95%  stddev  median
# ============ === ======= ======= ======= ======= ======= ======= =======
# Count         15    5977
# Exec time     79     25s   832us    65ms     4ms     8ms     3ms     3ms
# Lock time     54   663ms    45us     8ms   110us   119us   218us    93us
# Rows sent      0       0       0       0       0       0       0       0
# Rows examine   0       0       0       0       0       0       0       0
# Rows affecte  98  58.35k       7      10   10.00    9.83    0.07    9.83
# Bytes sent     0 309.35k      52      53   53.00   51.63       0   51.63
# Query size    61  10.62M   1.14k   2.27k   1.82k   1.96k  134.78   1.78k
# String:
# Databases    isucondition
# Hosts        localhost
# Users        isucon
# Query_time distribution
#   1us
#  10us
# 100us  #
#   1ms  ################################################################
#  10ms  ##
# 100ms
#    1s
#  10s+
# Tables
#    SHOW TABLE STATUS FROM `isucondition` LIKE 'isu_condition'\G
#    SHOW CREATE TABLE `isucondition`.`isu_condition`\G
INSERT INTO `isu_condition`	(`jia_isu_uuid`, `timestamp`, `is_sitting`, `condition`, `message`, `condition_level`)	VALUES ('68c0580d-ca93-4fe1-ace6-e948ff24c5c6', '2021-08-10 07:12:15.000', false, 'is_dirty=false,is_overweight=false,is_broken=true', 'あれ、壊れてる！？', 'warning'), ('68c0580d-ca93-4fe1-ace6-e948ff24c5c6', '2021-08-10 07:13:16.000', false, 'is_dirty=false,is_overweight=false,is_broken=true', 'あれ、壊れてる！？', 'warning'), ('68c0580d-ca93-4fe1-ace6-e948ff24c5c6', '2021-08-10 07:14:21.000', false, 'is_dirty=false,is_overweight=false,is_broken=true', 'あれ、壊れてる！？', 'warning'), ('68c0580d-ca93-4fe1-ace6-e948ff24c5c6', '2021-08-10 07:15:19.000', false, 'is_dirty=false,is_overweight=false,is_broken=true', 'あれ、壊れてる！？', 'warning'), ('68c0580d-ca93-4fe1-ace6-e948ff24c5c6', '2021-08-10 07:16:12.000', false, 'is_dirty=false,is_overweight=false,is_broken=true', 'あれ、壊れてる！？', 'warning'), ('68c0580d-ca93-4fe1-ace6-e948ff24c5c6', '2021-08-10 07:17:18.000', false, 'is_dirty=false,is_overweight=false,is_broken=true', 'あれ、壊れてる！？', 'warning'), ('68c0580d-ca93-4fe1-ace6-e948ff24c5c6', '2021-08-10 07:18:22.000', false, 'is_dirty=false,is_overweight=false,is_broken=true', 'あれ、壊れてる！？', 'warning'), ('68c0580d-ca93-4fe1-ace6-e948ff24c5c6', '2021-08-10 07:19:15.000', false, 'is_dirty=false,is_overweight=false,is_broken=true', 'あれ、壊れてる！？', 'warning'), ('68c0580d-ca93-4fe1-ace6-e948ff24c5c6', '2021-08-10 07:20:16.000', false, 'is_dirty=false,is_overweight=false,is_broken=true', 'あれ、壊れてる！？', 'warning'), ('68c0580d-ca93-4fe1-ace6-e948ff24c5c6', '2021-08-10 07:21:15.000', false, 'is_dirty=false,is_overweight=false,is_broken=true', 'あれ、壊れてる！？', 'warning')\G

# Query 2: 11.51 QPS, 0.04x concurrency, ID 0x5F580A12ADA1633C9634298BE5BD9422 at byte 20275925
# Scores: V/M = 0.00
# Time range: 2022-07-22 14:16:00 to 14:17:01
# Attribute    pct   total     min     max     avg     95%  stddev  median
# ============ === ======= ======= ======= ======= ======= ======= =======
# Count          1     702
# Exec time      8      3s    17us    43ms     4ms    11ms     4ms     3ms
# Lock time      2    28ms       0     2ms    39us    52us    68us    33us
# Rows sent     85 447.11k       6   1.33k  652.20   1.09k  317.66  621.67
# Rows examine  88 446.75k       0   1.33k  651.68   1.09k  318.61  621.67
# Rows affecte   0       0       0       0       0       0       0       0
# Bytes sent    23  81.86M   1.73k 245.45k 119.41k 211.82k  59.17k 112.33k
# Query size     0  79.52k     116     116     116     116       0     116
# Boolean:
# QC hit         0% yes,  99% no
# String:
# Databases    isucondition
# Hosts        localhost
# Users        isucon
# Query_time distribution
#   1us
#  10us  #
# 100us  ##########
#   1ms  ################################################################
#  10ms  #####
# 100ms
#    1s
#  10s+
# Tables
#    SHOW TABLE STATUS FROM `isucondition` LIKE 'isu_condition'\G
#    SHOW CREATE TABLE `isucondition`.`isu_condition`\G
# EXPLAIN /*!50100 PARTITIONS*/
SELECT * FROM `isu_condition` WHERE `jia_isu_uuid` = '657075d7-c8c9-4c5b-a7ed-e062bde1d72b' ORDER BY `timestamp` ASC\G

# Query 3: 114.67 QPS, 0.02x concurrency, ID 0xAC9E2250E1642BFE9823A9B9ECA1A419 at byte 19950919
# Scores: V/M = 0.00
# Time range: 2022-07-22 14:16:00 to 14:17:01
# Attribute    pct   total     min     max     avg     95%  stddev  median
# ============ === ======= ======= ======= ======= ======= ======= =======
# Count         18    6995
# Exec time      4      1s     8us    18ms   180us   260us   398us   138us
# Lock time     20   256ms       0     5ms    36us    54us    80us    31us
# Rows sent      1   6.81k       0       1    1.00    0.99    0.06    0.99
# Rows examine   1   6.26k       0       1    0.92    0.99    0.27    0.99
# Rows affecte   0       0       0       0       0       0       0       0
# Bytes sent     1   5.77M     683     915  865.50  874.75   21.90  833.10
# Query size     4 840.22k     123     123     123     123       0     123
# Boolean:
# QC hit         8% yes,  91% no
# String:
# Databases    isucondition
# Hosts        localhost
# Users        isucon
# Query_time distribution
#   1us  #
#  10us  ######
# 100us  ################################################################
#   1ms  #
#  10ms  #
# 100ms
#    1s
#  10s+
# Tables
#    SHOW TABLE STATUS FROM `isucondition` LIKE 'isu_condition'\G
#    SHOW CREATE TABLE `isucondition`.`isu_condition`\G
# EXPLAIN /*!50100 PARTITIONS*/
SELECT * FROM `isu_condition` WHERE `jia_isu_uuid` = '38951f86-3209-49e2-b8de-131ddfb351b0' ORDER BY timestamp DESC limit 1\G

# Query 4: 34.87 QPS, 0.01x concurrency, ID 0xC606EDCB84E3C87F27B1C52C0092FCE5 at byte 26779813
# Scores: V/M = 0.00
# Time range: 2022-07-22 14:16:00 to 14:17:00
# Attribute    pct   total     min     max     avg     95%  stddev  median
# ============ === ======= ======= ======= ======= ======= ======= =======
# Count          5    2092
# Exec time      2   678ms   129us     9ms   324us   445us   433us   260us
# Lock time      8   100ms    23us   674us    47us    66us    22us    42us
# Rows sent      7  40.02k       0      20   19.59   19.46    2.52   19.46
# Rows examine   8  40.72k       0     240   19.93   19.46    6.09   19.46
# Rows affecte   0       0       0       0       0       0       0       0
# Bytes sent     2   8.63M     683   5.20k   4.22k   4.49k  555.68   4.27k
# Query size     2 458.80k     217     225  224.58  223.14    2.38  223.14
# String:
# Databases    isucondition
# Hosts        localhost
# Users        isucon
# Query_time distribution
#   1us
#  10us
# 100us  ################################################################
#   1ms  #
#  10ms
# 100ms
#    1s
#  10s+
# Tables
#    SHOW TABLE STATUS FROM `isucondition` LIKE 'isu_condition'\G
#    SHOW CREATE TABLE `isucondition`.`isu_condition`\G
# EXPLAIN /*!50100 PARTITIONS*/
SELECT * FROM `isu_condition` WHERE `jia_isu_uuid` = '2d8c32b6-0e5e-41dd-b4c4-40ac13452b5e' and condition_level in ('info', 'warning', 'critical')	AND `timestamp` < '2021-08-28 12:42:39.000'	ORDER BY `timestamp` DESC limit 20\G

# Query 5: 37.45 QPS, 0.01x concurrency, ID 0x8155B89FFD74A9D523D19AC409FD97AF at byte 4639370
# Scores: V/M = 0.00
# Time range: 2022-07-22 14:16:00 to 14:17:00
# Attribute    pct   total     min     max     avg     95%  stddev  median
# ============ === ======= ======= ======= ======= ======= ======= =======
# Count          5    2247
# Exec time      1   421ms    83us    11ms   187us   224us   402us   131us
# Lock time      7    91ms    18us     6ms    40us    49us   150us    30us
# Rows sent      0   2.19k       0       1    1.00    0.99    0.06    0.99
# Rows examine   0   2.19k       0       1    1.00    0.99    0.06    0.99
# Rows affecte   0       0       0       0       0       0       0       0
# Bytes sent     0   1.86M     683     915  867.57  874.75   23.50  833.10
# Query size     1 274.29k     125     125     125     125       0     125
# String:
# Databases    isucondition
# Hosts        localhost
# Users        isucon
# Query_time distribution
#   1us
#  10us  #
# 100us  ################################################################
#   1ms  #
#  10ms  #
# 100ms
#    1s
#  10s+
# Tables
#    SHOW TABLE STATUS FROM `isucondition` LIKE 'isu_condition'\G
#    SHOW CREATE TABLE `isucondition`.`isu_condition`\G
# EXPLAIN /*!50100 PARTITIONS*/
SELECT * FROM `isu_condition` WHERE `jia_isu_uuid` = 'b31fa752-046c-4c21-be00-dc277f76c7cf' ORDER BY `timestamp` DESC LIMIT 1\G
