make[1]: Entering directory '/home/isucon/webapp'
sudo alp ltsv --file=/var/log/nginx/access.log --sort sum --reverse -o count,method,uri,min,max,sum,avg,p99,1xx,2xx,3xx,4xx,5xx -m "/api/condition/[0-9a-z-]+,/api/isu/[0-9a-z-]+/icon,/api/isu/[0-9a-z-],/isu/[0-9a-z-]+/condition,/isu/[0-9a-z-]+/graph,/isu/[0-9a-z-]+"
+-------+--------+------------------------------+-------+-------+----------+-------+-------+-----+-------+-----+------+-----+
| COUNT | METHOD |             URI              |  MIN  |  MAX  |   SUM    |  AVG  |  P99  | 1XX |  2XX  | 3XX | 4XX  | 5XX |
+-------+--------+------------------------------+-------+-------+----------+-------+-------+-----+-------+-----+------+-----+
| 55437 | POST   | /api/condition/[0-9a-z-]+    | 0.004 | 0.140 | 2731.244 | 0.049 | 0.104 |   0 | 52427 |   0 | 3010 |   0 |
|  1449 | GET    | /api/isu/[0-9a-z-]+/icon     | 0.004 | 0.492 |  189.944 | 0.131 | 0.404 |   0 |  1367 |   0 |   82 |   0 |
|  1563 | GET    | /api/condition/[0-9a-z-]+    | 0.024 | 0.488 |  187.088 | 0.120 | 0.412 |   0 |  1429 |   0 |  134 |   0 |
|   843 | GET    | /api/isu/[0-9a-z-]           | 0.004 | 0.452 |  112.532 | 0.133 | 0.376 |   0 |   689 |   0 |  154 |   0 |
|    64 | GET    | /api/trend                   | 0.032 | 1.008 |   56.120 | 0.877 | 1.008 |   0 |     9 |   0 |   55 |   0 |
|   219 | GET    | /api/isu                     | 0.012 | 0.632 |   51.152 | 0.234 | 0.532 |   0 |   199 |   0 |   20 |   0 |
|   263 | POST   | /api/auth                    | 0.004 | 0.384 |   18.388 | 0.070 | 0.244 |   0 |   103 |   0 |  160 |   0 |
|   121 | GET    | /assets/vendor.ee7444dd.js   | 0.004 | 0.484 |   17.448 | 0.144 | 0.372 |   0 |    67 |  54 |    0 |   0 |
|    55 | POST   | /api/isu                     | 0.004 | 0.348 |    8.884 | 0.162 | 0.348 |   0 |    51 |   0 |    4 |   0 |
|   133 | GET    | /                            | 0.008 | 0.164 |    8.824 | 0.066 | 0.132 |   0 |   110 |  22 |    1 |   0 |
|    97 | GET    | /api/user/me                 | 0.016 | 0.452 |    7.788 | 0.080 | 0.452 |   0 |    43 |   0 |   54 |   0 |
|   121 | GET    | /assets/index.23dac98b.js    | 0.004 | 0.164 |    6.272 | 0.052 | 0.144 |   0 |    67 |  54 |    0 |   0 |
|   121 | GET    | /assets/favicon.d0f5f504.svg | 0.004 | 0.168 |    6.228 | 0.051 | 0.144 |   0 |    67 |  54 |    0 |   0 |
|   121 | GET    | /assets/index.144d8ca8.css   | 0.004 | 0.168 |    6.072 | 0.050 | 0.140 |   0 |    67 |  54 |    0 |   0 |
|   121 | GET    | /assets/logo_white.svg       | 0.004 | 0.140 |    5.612 | 0.046 | 0.136 |   0 |    67 |  54 |    0 |   0 |
|    58 | POST   | /api/signout                 | 0.016 | 0.352 |    4.736 | 0.082 | 0.352 |   0 |    36 |   0 |   22 |   0 |
|    66 | GET    | /assets/logo_orange.svg      | 0.008 | 0.140 |    4.596 | 0.070 | 0.140 |   0 |    66 |   0 |    0 |   0 |
|     1 | POST   | /initialize                  | 0.280 | 0.280 |    0.280 | 0.280 | 0.280 |   0 |     1 |   0 |    0 |   0 |
|    18 | GET    | /isu/[0-9a-z-]+/condition    | 0.000 | 0.004 |    0.012 | 0.001 | 0.004 |   0 |     6 |  12 |    0 |   0 |
|     6 | GET    | /isu/[0-9a-z-]+              | 0.004 | 0.004 |    0.012 | 0.002 | 0.004 |   0 |     6 |   0 |    0 |   0 |
|     6 | GET    | /isu/[0-9a-z-]+/graph        | 0.000 | 0.004 |    0.008 | 0.001 | 0.004 |   0 |     6 |   0 |    0 |   0 |
|     3 | GET    | /register                    | 0.000 | 0.000 |    0.000 | 0.000 | 0.000 |   0 |     1 |   2 |    0 |   0 |
+-------+--------+------------------------------+-------+-------+----------+-------+-------+-----+-------+-----+------+-----+
make[1]: Leaving directory '/home/isucon/webapp'
