make[1]: Entering directory '/home/isucon/webapp'
sudo alp ltsv --file=/var/log/nginx/access.log --sort sum --reverse -o count,method,uri,min,max,sum,avg,p99,1xx,2xx,3xx,4xx,5xx -m "/api/condition/[0-9a-z-]+,/api/isu/[0-9a-z-]+/icon,/api/isu/[0-9a-z-],/isu/[0-9a-z-]+/condition,/isu/[0-9a-z-]+/graph,/isu/[0-9a-z-]+"
+-------+--------+------------------------------+-------+-------+----------+-------+-------+-----+-------+-----+------+-----+
| COUNT | METHOD |             URI              |  MIN  |  MAX  |   SUM    |  AVG  |  P99  | 1XX |  2XX  | 3XX | 4XX  | 5XX |
+-------+--------+------------------------------+-------+-------+----------+-------+-------+-----+-------+-----+------+-----+
| 66853 | POST   | /api/condition/[0-9a-z-]+    | 0.004 | 0.132 | 1890.144 | 0.028 | 0.104 |   0 | 60059 |   0 | 6794 |   0 |
|   420 | GET    | /api/isu/[0-9a-z-]+/icon     | 0.004 | 1.008 |  243.348 | 0.579 | 1.004 |   0 |   373 |   0 |   47 |   0 |
|   205 | GET    | /api/isu                     | 0.004 | 1.016 |  176.464 | 0.861 | 1.012 |   0 |    60 |   0 |  145 |   0 |
|   224 | GET    | /api/condition/[0-9a-z-]+    | 0.004 | 1.008 |   94.784 | 0.423 | 1.000 |   0 |   189 |   0 |   35 |   0 |
|   166 | GET    | /api/isu/[0-9a-z-]           | 0.004 | 1.204 |   60.108 | 0.362 | 1.008 |   0 |   118 |   0 |   48 |   0 |
|    95 | POST   | /api/auth                    | 0.012 | 1.292 |   50.856 | 0.535 | 1.292 |   0 |    30 |   0 |   65 |   0 |
|    62 | POST   | /api/isu                     | 0.004 | 1.000 |   18.996 | 0.306 | 1.000 |   0 |    49 |   0 |   13 |   0 |
|    24 | GET    | /api/user/me                 | 0.320 | 1.000 |    8.832 | 0.368 | 1.000 |   0 |    12 |   0 |   12 |   0 |
|    13 | GET    | /api/trend                   | 0.028 | 1.004 |    5.704 | 0.439 | 1.004 |   0 |     9 |   0 |    4 |   0 |
|    14 | POST   | /api/signout                 | 0.048 | 1.000 |    5.628 | 0.402 | 1.000 |   0 |     6 |   0 |    8 |   0 |
|    54 | GET    | /                            | 0.004 | 0.088 |    1.316 | 0.024 | 0.088 |   0 |    47 |   7 |    0 |   0 |
|    55 | GET    | /assets/vendor.ee7444dd.js   | 0.012 | 0.100 |    0.720 | 0.013 | 0.100 |   0 |    16 |  39 |    0 |   0 |
|    55 | GET    | /assets/index.23dac98b.js    | 0.008 | 0.028 |    0.356 | 0.006 | 0.028 |   0 |    16 |  39 |    0 |   0 |
|    55 | GET    | /assets/favicon.d0f5f504.svg | 0.008 | 0.028 |    0.340 | 0.006 | 0.028 |   0 |    16 |  39 |    0 |   0 |
|    55 | GET    | /assets/index.144d8ca8.css   | 0.008 | 0.028 |    0.328 | 0.006 | 0.028 |   0 |    16 |  39 |    0 |   0 |
|    55 | GET    | /assets/logo_white.svg       | 0.004 | 0.040 |    0.296 | 0.005 | 0.040 |   0 |    16 |  39 |    0 |   0 |
|     1 | POST   | /initialize                  | 0.280 | 0.280 |    0.280 | 0.280 | 0.280 |   0 |     1 |   0 |    0 |   0 |
|    15 | GET    | /assets/logo_orange.svg      | 0.004 | 0.040 |    0.196 | 0.013 | 0.040 |   0 |    15 |   0 |    0 |   0 |
|    18 | GET    | /isu/[0-9a-z-]+/condition    | 0.000 | 0.004 |    0.020 | 0.001 | 0.004 |   0 |     6 |  12 |    0 |   0 |
|     6 | GET    | /isu/[0-9a-z-]+/graph        | 0.000 | 0.004 |    0.008 | 0.001 | 0.004 |   0 |     6 |   0 |    0 |   0 |
|     6 | GET    | /isu/[0-9a-z-]+              | 0.000 | 0.004 |    0.008 | 0.001 | 0.004 |   0 |     6 |   0 |    0 |   0 |
|     3 | GET    | /register                    | 0.000 | 0.004 |    0.004 | 0.001 | 0.004 |   0 |     1 |   2 |    0 |   0 |
+-------+--------+------------------------------+-------+-------+----------+-------+-------+-----+-------+-----+------+-----+
make[1]: Leaving directory '/home/isucon/webapp'
