make[1]: Entering directory '/home/isucon/webapp'
sudo alp ltsv --file=/var/log/nginx/access.log --sort sum --reverse -o count,method,uri,min,max,sum,avg,p99,1xx,2xx,3xx,4xx,5xx -m "/api/condition/[0-9a-z-]+,/api/isu/[0-9a-z-]+/icon,/api/isu/[0-9a-z-],/isu/[0-9a-z-]+/condition,/isu/[0-9a-z-]+/graph,/isu/[0-9a-z-]+"
+-------+--------+------------------------------+-------+-------+----------+-------+-------+-----+-------+-----+------+-----+
| COUNT | METHOD |             URI              |  MIN  |  MAX  |   SUM    |  AVG  |  P99  | 1XX |  2XX  | 3XX | 4XX  | 5XX |
+-------+--------+------------------------------+-------+-------+----------+-------+-------+-----+-------+-----+------+-----+
| 65145 | POST   | /api/condition/[0-9a-z-]+    | 0.004 | 0.128 | 2249.960 | 0.035 | 0.104 |   0 | 58774 |   0 | 6371 |   0 |
|   234 | GET    | /api/isu                     | 0.016 | 1.016 |  218.280 | 0.933 | 1.009 |   0 |    15 |   0 |  219 |   0 |
|   161 | POST   | /api/isu                     | 0.004 | 1.012 |  118.138 | 0.734 | 1.012 |   0 |    49 |   0 |  112 |   0 |
|    59 | POST   | /api/signout                 | 0.004 | 1.016 |   52.621 | 0.892 | 1.016 |   0 |     2 |   0 |   57 |   0 |
|    67 | POST   | /api/auth                    | 0.004 | 1.008 |   35.169 | 0.525 | 1.008 |   0 |    16 |   0 |   51 |   0 |
|    93 | GET    | /api/isu/[0-9a-z-]+/icon     | 0.004 | 1.000 |   23.588 | 0.254 | 1.000 |   0 |    86 |   0 |    7 |   0 |
|    89 | GET    | /api/isu/[0-9a-z-]           | 0.004 | 0.976 |   11.868 | 0.133 | 0.976 |   0 |    73 |   0 |   16 |   0 |
|    39 | GET    | /api/condition/[0-9a-z-]+    | 0.412 | 1.012 |   10.112 | 0.259 | 1.012 |   0 |    23 |   0 |   16 |   0 |
|     9 | GET    | /api/trend                   | 0.028 | 0.212 |    1.520 | 0.169 | 0.212 |   0 |     9 |   0 |    0 |   0 |
|    48 | GET    | /assets/vendor.ee7444dd.js   | 0.036 | 0.076 |    0.680 | 0.014 | 0.076 |   0 |    12 |  36 |    0 |   0 |
|    48 | GET    | /assets/favicon.d0f5f504.svg | 0.008 | 0.032 |    0.256 | 0.005 | 0.032 |   0 |    12 |  36 |    0 |   0 |
|    48 | GET    | /assets/index.23dac98b.js    | 0.008 | 0.032 |    0.256 | 0.005 | 0.032 |   0 |    12 |  36 |    0 |   0 |
|     1 | POST   | /initialize                  | 0.256 | 0.256 |    0.256 | 0.256 | 0.256 |   0 |     1 |   0 |    0 |   0 |
|    26 | GET    | /                            | 0.004 | 0.044 |    0.236 | 0.009 | 0.044 |   0 |    22 |   4 |    0 |   0 |
|    48 | GET    | /assets/index.144d8ca8.css   | 0.008 | 0.036 |    0.228 | 0.005 | 0.036 |   0 |    12 |  36 |    0 |   0 |
|    48 | GET    | /assets/logo_white.svg       | 0.016 | 0.028 |    0.204 | 0.004 | 0.028 |   0 |    12 |  36 |    0 |   0 |
|    11 | GET    | /assets/logo_orange.svg      | 0.016 | 0.028 |    0.156 | 0.014 | 0.028 |   0 |    11 |   0 |    0 |   0 |
|    12 | GET    | /api/user/me                 | 0.008 | 0.020 |    0.132 | 0.011 | 0.020 |   0 |    10 |   0 |    2 |   0 |
|    18 | GET    | /isu/[0-9a-z-]+/condition    | 0.000 | 0.012 |    0.020 | 0.001 | 0.012 |   0 |     6 |  12 |    0 |   0 |
|     6 | GET    | /isu/[0-9a-z-]+              | 0.000 | 0.004 |    0.008 | 0.001 | 0.004 |   0 |     6 |   0 |    0 |   0 |
|     3 | GET    | /register                    | 0.000 | 0.004 |    0.004 | 0.001 | 0.004 |   0 |     1 |   2 |    0 |   0 |
|     6 | GET    | /isu/[0-9a-z-]+/graph        | 0.000 | 0.004 |    0.004 | 0.001 | 0.004 |   0 |     6 |   0 |    0 |   0 |
+-------+--------+------------------------------+-------+-------+----------+-------+-------+-----+-------+-----+------+-----+
make[1]: Leaving directory '/home/isucon/webapp'
